# JRE version: OpenJDK Runtime Environment (11.0.10) (build 11.0.10+0-b96-7249189)
# Java VM: OpenJDK 64-Bit Server VM (11.0.10+0-b96-7249189, mixed mode, tiered, compressed oops, g1 gc, windows-amd64)
Heap:
 garbage-first heap   total 600064K, used 222813K [0x0000000080000000, 0x0000000100000000)
  region size 1024K, 5 young (5120K), 5 survivors (5120K)
 Metaspace       used 125720K, capacity 129138K, committed 129228K, reserved 1161216K
  class space    used 15978K, capacity 17291K, committed 17356K, reserved 1048576K
GC Heap History (20 events):
Event: 74.129 GC heap after
{Heap after GC invocations=91 (full 0):
 garbage-first heap   total 278528K, used 144908K [0x0000000080000000, 0x0000000100000000)
  region size 1024K, 4 young (4096K), 4 survivors (4096K)
 Metaspace       used 122092K, capacity 125310K, committed 125388K, reserved 1157120K
  class space    used 15575K, capacity 16809K, committed 16844K, reserved 1048576K
}
Event: 74.716 GC heap before
{Heap before GC invocations=91 (full 0):
 garbage-first heap   total 278528K, used 237068K [0x0000000080000000, 0x0000000100000000)
  region size 1024K, 94 young (96256K), 4 survivors (4096K)
 Metaspace       used 122110K, capacity 125322K, committed 125388K, reserved 1157120K
  class space    used 15577K, capacity 16813K, committed 16844K, reserved 1048576K
}
Event: 74.728 GC heap after
{Heap after GC invocations=92 (full 0):
 garbage-first heap   total 278528K, used 145668K [0x0000000080000000, 0x0000000100000000)
  region size 1024K, 4 young (4096K), 4 survivors (4096K)
 Metaspace       used 122110K, capacity 125322K, committed 125388K, reserved 1157120K
  class space    used 15577K, capacity 16813K, committed 16844K, reserved 1048576K
}
Event: 75.328 GC heap before
{Heap before GC invocations=92 (full 0):
 garbage-first heap   total 278528K, used 238852K [0x0000000080000000, 0x0000000100000000)
  region size 1024K, 95 young (97280K), 4 survivors (4096K)
 Metaspace       used 122401K, capacity 125658K, committed 125772K, reserved 1159168K
  class space    used 15619K, capacity 16860K, committed 16972K, reserved 1048576K
}
Event: 75.341 GC heap after
{Heap after GC invocations=93 (full 0):
 garbage-first heap   total 278528K, used 145971K [0x0000000080000000, 0x0000000100000000)
  region size 1024K, 5 young (5120K), 5 survivors (5120K)
 Metaspace       used 122401K, capacity 125658K, committed 125772K, reserved 1159168K
  class space    used 15619K, capacity 16860K, committed 16972K, reserved 1048576K
}
Event: 76.160 GC heap before
{Heap before GC invocations=93 (full 0):
 garbage-first heap   total 278528K, used 239155K [0x0000000080000000, 0x0000000100000000)
  region size 1024K, 96 young (98304K), 5 survivors (5120K)
 Metaspace       used 122795K, capacity 126117K, committed 126284K, reserved 1159168K
  class space    used 15669K, capacity 16939K, committed 16972K, reserved 1048576K
}
Event: 76.183 GC heap after
{Heap after GC invocations=94 (full 0):
 garbage-first heap   total 334848K, used 147371K [0x0000000080000000, 0x0000000100000000)
  region size 1024K, 6 young (6144K), 6 survivors (6144K)
 Metaspace       used 122795K, capacity 126117K, committed 126284K, reserved 1159168K
  class space    used 15669K, capacity 16939K, committed 16972K, reserved 1048576K
}
Event: 77.547 GC heap before
{Heap before GC invocations=94 (full 0):
 garbage-first heap   total 334848K, used 266155K [0x0000000080000000, 0x0000000100000000)
  region size 1024K, 121 young (123904K), 6 survivors (6144K)
 Metaspace       used 122956K, capacity 126281K, committed 126540K, reserved 1159168K
  class space    used 15669K, capacity 16939K, committed 16972K, reserved 1048576K
}
Event: 77.563 GC heap after
{Heap after GC invocations=95 (full 0):
 garbage-first heap   total 334848K, used 145802K [0x0000000080000000, 0x0000000100000000)
  region size 1024K, 4 young (4096K), 4 survivors (4096K)
 Metaspace       used 122956K, capacity 126281K, committed 126540K, reserved 1159168K
  class space    used 15669K, capacity 16939K, committed 16972K, reserved 1048576K
}
Event: 79.322 GC heap before
{Heap before GC invocations=95 (full 0):
 garbage-first heap   total 334848K, used 286090K [0x0000000080000000, 0x0000000100000000)
  region size 1024K, 141 young (144384K), 4 survivors (4096K)
 Metaspace       used 122970K, capacity 126293K, committed 126540K, reserved 1159168K
  class space    used 15671K, capacity 16943K, committed 16972K, reserved 1048576K
}
Event: 79.340 GC heap after
{Heap after GC invocations=96 (full 0):
 garbage-first heap   total 334848K, used 146448K [0x0000000080000000, 0x0000000100000000)
  region size 1024K, 5 young (5120K), 5 survivors (5120K)
 Metaspace       used 122970K, capacity 126293K, committed 126540K, reserved 1159168K
  class space    used 15671K, capacity 16943K, committed 16972K, reserved 1048576K
}
Event: 81.275 GC heap before
{Heap before GC invocations=96 (full 0):
 garbage-first heap   total 334848K, used 304144K [0x0000000080000000, 0x0000000100000000)
  region size 1024K, 140 young (143360K), 5 survivors (5120K)
 Metaspace       used 123723K, capacity 127022K, committed 127180K, reserved 1159168K
  class space    used 15756K, capacity 17024K, committed 17100K, reserved 1048576K
}
Event: 81.295 GC heap after
{Heap after GC invocations=97 (full 0):
 garbage-first heap   total 334848K, used 163929K [0x0000000080000000, 0x0000000100000000)
  region size 1024K, 7 young (7168K), 7 survivors (7168K)
 Metaspace       used 123723K, capacity 127022K, committed 127180K, reserved 1159168K
  class space    used 15756K, capacity 17024K, committed 17100K, reserved 1048576K
}
Event: 83.221 GC heap before
{Heap before GC invocations=98 (full 0):
 garbage-first heap   total 334848K, used 297049K [0x0000000080000000, 0x0000000100000000)
  region size 1024K, 132 young (135168K), 7 survivors (7168K)
 Metaspace       used 125055K, capacity 128468K, committed 128716K, reserved 1161216K
  class space    used 15907K, capacity 17225K, committed 17356K, reserved 1048576K
}
Event: 83.384 GC heap after
{Heap after GC invocations=99 (full 0):
 garbage-first heap   total 353280K, used 213884K [0x0000000080000000, 0x0000000100000000)
  region size 1024K, 17 young (17408K), 17 survivors (17408K)
 Metaspace       used 125055K, capacity 128468K, committed 128716K, reserved 1161216K
  class space    used 15907K, capacity 17225K, committed 17356K, reserved 1048576K
}
Event: 83.445 GC heap before
{Heap before GC invocations=99 (full 0):
 garbage-first heap   total 353280K, used 214908K [0x0000000080000000, 0x0000000100000000)
  region size 1024K, 18 young (18432K), 17 survivors (17408K)
 Metaspace       used 125056K, capacity 128468K, committed 128716K, reserved 1161216K
  class space    used 15907K, capacity 17225K, committed 17356K, reserved 1048576K
}
Event: 83.539 GC heap after
{Heap after GC invocations=100 (full 0):
 garbage-first heap   total 353280K, used 204287K [0x0000000080000000, 0x0000000100000000)
  region size 1024K, 2 young (2048K), 2 survivors (2048K)
 Metaspace       used 125056K, capacity 128468K, committed 128716K, reserved 1161216K
  class space    used 15907K, capacity 17225K, committed 17356K, reserved 1048576K
}
Event: 84.408 GC heap before
{Heap before GC invocations=100 (full 0):
 garbage-first heap   total 353280K, used 275967K [0x0000000080000000, 0x0000000100000000)
  region size 1024K, 73 young (74752K), 2 survivors (2048K)
 Metaspace       used 125285K, capacity 128653K, committed 128972K, reserved 1161216K
  class space    used 15920K, capacity 17237K, committed 17356K, reserved 1048576K
}
Event: 84.454 GC heap after
{Heap after GC invocations=101 (full 0):
 garbage-first heap   total 353280K, used 218111K [0x0000000080000000, 0x0000000100000000)
  region size 1024K, 10 young (10240K), 10 survivors (10240K)
 Metaspace       used 125285K, capacity 128653K, committed 128972K, reserved 1161216K
  class space    used 15920K, capacity 17237K, committed 17356K, reserved 1048576K
}
Event: 85.050 GC heap before
{Heap before GC invocations=101 (full 0):
 garbage-first heap   total 353280K, used 285695K [0x0000000080000000, 0x0000000100000000)
  region size 1024K, 72 young (73728K), 10 survivors (10240K)
 Metaspace       used 125720K, capacity 129138K, committed 129228K, reserved 1161216K
  class space    used 15978K, capacity 17291K, committed 17356K, reserved 1048576K
}

