# JRE version: OpenJDK Runtime Environment (11.0.10) (build 11.0.10+0-b96-7249189)
# Java VM: OpenJDK 64-Bit Server VM (11.0.10+0-b96-7249189, mixed mode, tiered, compressed oops, g1 gc, windows-amd64)
Heap:
 garbage-first heap   total 547840K, used 192770K [0x0000000080000000, 0x0000000100000000)
  region size 1024K, 4 young (4096K), 4 survivors (4096K)
 Metaspace       used 147873K, capacity 153181K, committed 153472K, reserved 1181696K
  class space    used 18662K, capacity 20536K, committed 20608K, reserved 1048576K
GC Heap History (20 events):
Event: 798.363 GC heap after
{Heap after GC invocations=95 (full 0):
 garbage-first heap   total 238592K, used 171200K [0x0000000080000000, 0x0000000100000000)
  region size 1024K, 2 young (2048K), 2 survivors (2048K)
 Metaspace       used 134490K, capacity 139262K, committed 139520K, reserved 1169408K
  class space    used 16960K, capacity 18646K, committed 18688K, reserved 1048576K
}
Event: 798.917 GC heap before
{Heap before GC invocations=95 (full 0):
 garbage-first heap   total 238592K, used 191680K [0x0000000080000000, 0x0000000100000000)
  region size 1024K, 33 young (33792K), 2 survivors (2048K)
 Metaspace       used 136332K, capacity 141111K, committed 141312K, reserved 1171456K
  class space    used 17166K, capacity 18856K, committed 18944K, reserved 1048576K
}
Event: 798.929 GC heap after
{Heap after GC invocations=96 (full 0):
 garbage-first heap   total 238592K, used 160952K [0x0000000080000000, 0x0000000100000000)
  region size 1024K, 3 young (3072K), 3 survivors (3072K)
 Metaspace       used 136332K, capacity 141111K, committed 141312K, reserved 1171456K
  class space    used 17166K, capacity 18856K, committed 18944K, reserved 1048576K
}
Event: 799.957 GC heap before
{Heap before GC invocations=97 (full 0):
 garbage-first heap   total 238592K, used 197816K [0x0000000080000000, 0x0000000100000000)
  region size 1024K, 40 young (40960K), 3 survivors (3072K)
 Metaspace       used 136734K, capacity 141536K, committed 141824K, reserved 1171456K
  class space    used 17197K, capacity 18890K, committed 18944K, reserved 1048576K
}
Event: 799.971 GC heap after
{Heap after GC invocations=98 (full 0):
 garbage-first heap   total 286720K, used 161410K [0x0000000080000000, 0x0000000100000000)
  region size 1024K, 3 young (3072K), 3 survivors (3072K)
 Metaspace       used 136734K, capacity 141536K, committed 141824K, reserved 1171456K
  class space    used 17197K, capacity 18890K, committed 18944K, reserved 1048576K
}
Event: 800.196 GC heap before
{Heap before GC invocations=98 (full 0):
 garbage-first heap   total 286720K, used 172674K [0x0000000080000000, 0x0000000100000000)
  region size 1024K, 14 young (14336K), 3 survivors (3072K)
 Metaspace       used 136970K, capacity 141862K, committed 142208K, reserved 1173504K
  class space    used 17212K, capacity 18955K, committed 19072K, reserved 1048576K
}
Event: 800.221 GC heap after
{Heap after GC invocations=99 (full 0):
 garbage-first heap   total 286720K, used 152290K [0x0000000080000000, 0x0000000100000000)
  region size 1024K, 2 young (2048K), 2 survivors (2048K)
 Metaspace       used 136970K, capacity 141862K, committed 142208K, reserved 1173504K
  class space    used 17212K, capacity 18955K, committed 19072K, reserved 1048576K
}
Event: 801.002 GC heap before
{Heap before GC invocations=99 (full 0):
 garbage-first heap   total 286720K, used 213730K [0x0000000080000000, 0x0000000100000000)
  region size 1024K, 63 young (64512K), 2 survivors (2048K)
 Metaspace       used 137741K, capacity 142588K, committed 142720K, reserved 1173504K
  class space    used 17283K, capacity 19000K, committed 19072K, reserved 1048576K
}
Event: 801.021 GC heap after
{Heap after GC invocations=100 (full 0):
 garbage-first heap   total 286720K, used 155693K [0x0000000080000000, 0x0000000100000000)
  region size 1024K, 6 young (6144K), 6 survivors (6144K)
 Metaspace       used 137741K, capacity 142588K, committed 142720K, reserved 1173504K
  class space    used 17283K, capacity 19000K, committed 19072K, reserved 1048576K
}
Event: 802.224 GC heap before
{Heap before GC invocations=101 (full 0):
 garbage-first heap   total 286720K, used 218157K [0x0000000080000000, 0x0000000100000000)
  region size 1024K, 68 young (69632K), 6 survivors (6144K)
 Metaspace       used 139602K, capacity 144548K, committed 144768K, reserved 1175552K
  class space    used 17550K, capacity 19289K, committed 19328K, reserved 1048576K
}
Event: 802.251 GC heap after
{Heap after GC invocations=102 (full 0):
 garbage-first heap   total 286720K, used 167924K [0x0000000080000000, 0x0000000100000000)
  region size 1024K, 9 young (9216K), 9 survivors (9216K)
 Metaspace       used 139602K, capacity 144548K, committed 144768K, reserved 1175552K
  class space    used 17550K, capacity 19289K, committed 19328K, reserved 1048576K
}
Event: 802.320 GC heap before
{Heap before GC invocations=102 (full 0):
 garbage-first heap   total 286720K, used 173044K [0x0000000080000000, 0x0000000100000000)
  region size 1024K, 14 young (14336K), 9 survivors (9216K)
 Metaspace       used 139887K, capacity 144839K, committed 145024K, reserved 1175552K
  class space    used 17585K, capacity 19322K, committed 19328K, reserved 1048576K
}
Event: 802.354 GC heap after
{Heap after GC invocations=103 (full 0):
 garbage-first heap   total 372736K, used 161792K [0x0000000080000000, 0x0000000100000000)
  region size 1024K, 2 young (2048K), 2 survivors (2048K)
 Metaspace       used 139887K, capacity 144839K, committed 145024K, reserved 1175552K
  class space    used 17585K, capacity 19322K, committed 19328K, reserved 1048576K
}
Event: 803.439 GC heap before
{Heap before GC invocations=103 (full 0):
 garbage-first heap   total 372736K, used 256000K [0x0000000080000000, 0x0000000100000000)
  region size 1024K, 94 young (96256K), 2 survivors (2048K)
 Metaspace       used 143285K, capacity 148322K, committed 148480K, reserved 1177600K
  class space    used 18102K, capacity 19886K, committed 19968K, reserved 1048576K
}
Event: 803.491 GC heap after
{Heap after GC invocations=104 (full 0):
 garbage-first heap   total 372736K, used 178113K [0x0000000080000000, 0x0000000100000000)
  region size 1024K, 12 young (12288K), 12 survivors (12288K)
 Metaspace       used 143285K, capacity 148322K, committed 148480K, reserved 1177600K
  class space    used 18102K, capacity 19886K, committed 19968K, reserved 1048576K
}
Event: 804.794 GC heap before
{Heap before GC invocations=105 (full 0):
 garbage-first heap   total 372736K, used 270273K [0x0000000080000000, 0x0000000100000000)
  region size 1024K, 102 young (104448K), 12 survivors (12288K)
 Metaspace       used 145586K, capacity 150726K, committed 150784K, reserved 1179648K
  class space    used 18424K, capacity 20221K, committed 20224K, reserved 1048576K
}
Event: 804.853 GC heap after
{Heap after GC invocations=106 (full 0):
 garbage-first heap   total 372736K, used 188684K [0x0000000080000000, 0x0000000100000000)
  region size 1024K, 10 young (10240K), 10 survivors (10240K)
 Metaspace       used 145586K, capacity 150726K, committed 150784K, reserved 1179648K
  class space    used 18424K, capacity 20221K, committed 20224K, reserved 1048576K
}
Event: 805.766 GC heap before
{Heap before GC invocations=106 (full 0):
 garbage-first heap   total 372736K, used 279820K [0x0000000080000000, 0x0000000100000000)
  region size 1024K, 99 young (101376K), 10 survivors (10240K)
 Metaspace       used 146793K, capacity 152004K, committed 152064K, reserved 1181696K
  class space    used 18589K, capacity 20433K, committed 20480K, reserved 1048576K
}
Event: 805.795 GC heap after
{Heap after GC invocations=107 (full 0):
 garbage-first heap   total 372736K, used 191445K [0x0000000080000000, 0x0000000100000000)
  region size 1024K, 3 young (3072K), 3 survivors (3072K)
 Metaspace       used 146793K, capacity 152004K, committed 152064K, reserved 1181696K
  class space    used 18589K, capacity 20433K, committed 20480K, reserved 1048576K
}
Event: 807.453 GC heap before
{Heap before GC invocations=108 (full 0):
 garbage-first heap   total 372736K, used 286677K [0x0000000080000000, 0x0000000100000000)
  region size 1024K, 96 young (98304K), 3 survivors (3072K)
 Metaspace       used 147873K, capacity 153181K, committed 153472K, reserved 1181696K
  class space    used 18662K, capacity 20536K, committed 20608K, reserved 1048576K
}

